This is pdfTeX, Version 3.14159265-2.6-1.40.20 (TeX Live 2019/Arch Linux) (preloaded format=pdflatex 2019.9.18)  25 SEP 2019 21:27
entering extended mode
 restricted \write18 enabled.
 %&-line parsing enabled.
**9-25-2019.tex
(./9-25-2019.tex
LaTeX2e <2018-12-01>
(/usr/share/texmf-dist/tex/latex/base/article.cls
Document Class: article 2018/09/03 v1.4i Standard LaTeX document class
(/usr/share/texmf-dist/tex/latex/base/size10.clo
File: size10.clo 2018/09/03 v1.4i Standard LaTeX file (size option)
)
\c@part=\count80
\c@section=\count81
\c@subsection=\count82
\c@subsubsection=\count83
\c@paragraph=\count84
\c@subparagraph=\count85
\c@figure=\count86
\c@table=\count87
\abovecaptionskip=\skip41
\belowcaptionskip=\skip42
\bibindent=\dimen102
)
(/usr/share/texmf-dist/tex/latex/graphics/graphicx.sty
Package: graphicx 2017/06/01 v1.1a Enhanced LaTeX Graphics (DPC,SPQR)

(/usr/share/texmf-dist/tex/latex/graphics/keyval.sty
Package: keyval 2014/10/28 v1.15 key=value parser (DPC)
\KV@toks@=\toks14
)
(/usr/share/texmf-dist/tex/latex/graphics/graphics.sty
Package: graphics 2017/06/25 v1.2c Standard LaTeX Graphics (DPC,SPQR)

(/usr/share/texmf-dist/tex/latex/graphics/trig.sty
Package: trig 2016/01/03 v1.10 sin cos tan (DPC)
)
(/usr/share/texmf-dist/tex/latex/graphics-cfg/graphics.cfg
File: graphics.cfg 2016/06/04 v1.11 sample graphics configuration
)
Package graphics Info: Driver file: pdftex.def on input line 99.

(/usr/share/texmf-dist/tex/latex/graphics-def/pdftex.def
File: pdftex.def 2018/01/08 v1.0l Graphics/color driver for pdftex
))
\Gin@req@height=\dimen103
\Gin@req@width=\dimen104
)
(/usr/share/texmf-dist/tex/latex/float/float.sty
Package: float 2001/11/08 v1.3d Float enhancements (AL)
\c@float@type=\count88
\float@exts=\toks15
\float@box=\box27
\@float@everytoks=\toks16
\@floatcapt=\box28
)
(/usr/share/texmf-dist/tex/latex/csvsimple/csvsimple.sty
Package: csvsimple 2016/07/01 version 1.20 LaTeX CSV file processing

(/usr/share/texmf-dist/tex/latex/pgf/utilities/pgfkeys.sty
(/usr/share/texmf-dist/tex/generic/pgf/utilities/pgfkeys.code.tex
\pgfkeys@pathtoks=\toks17
\pgfkeys@temptoks=\toks18

(/usr/share/texmf-dist/tex/generic/pgf/utilities/pgfkeysfiltered.code.tex
\pgfkeys@tmptoks=\toks19
)))
(/usr/share/texmf-dist/tex/latex/base/ifthen.sty
Package: ifthen 2014/09/29 v1.1c Standard LaTeX ifthen package (DPC)
)
(/usr/share/texmf-dist/tex/latex/etoolbox/etoolbox.sty
Package: etoolbox 2018/08/19 v2.5f e-TeX tools for LaTeX (JAW)
\etb@tempcnta=\count89
)
(/usr/share/texmf-dist/tex/latex/tools/shellesc.sty
Package: shellesc 2016/06/07 v0.02a unified shell escape interface for LaTeX
Package shellesc Info: Restricted shell escape enabled on input line 69.
)
\csv@file=\read1
\c@csvinputline=\count90
\c@csvrow=\count91
\c@csvcol=\count92
\csv@out=\write3
)
(/usr/share/texmf-dist/tex/latex/graphics/rotating.sty
Package: rotating 2016/08/11 v2.16d rotated objects in LaTeX
\c@r@tfl@t=\count93
\rotFPtop=\skip43
\rotFPbot=\skip44
\rot@float@box=\box29
\rot@mess@toks=\toks20
) (./9-25-2019.aux)
\openout1 = `9-25-2019.aux'.

LaTeX Font Info:    Checking defaults for OML/cmm/m/it on input line 9.
LaTeX Font Info:    ... okay on input line 9.
LaTeX Font Info:    Checking defaults for T1/cmr/m/n on input line 9.
LaTeX Font Info:    ... okay on input line 9.
LaTeX Font Info:    Checking defaults for OT1/cmr/m/n on input line 9.
LaTeX Font Info:    ... okay on input line 9.
LaTeX Font Info:    Checking defaults for OMS/cmsy/m/n on input line 9.
LaTeX Font Info:    ... okay on input line 9.
LaTeX Font Info:    Checking defaults for OMX/cmex/m/n on input line 9.
LaTeX Font Info:    ... okay on input line 9.
LaTeX Font Info:    Checking defaults for U/cmr/m/n on input line 9.
LaTeX Font Info:    ... okay on input line 9.

(/usr/share/texmf-dist/tex/context/base/mkii/supp-pdf.mkii
[Loading MPS to PDF converter (version 2006.09.02).]
\scratchcounter=\count94
\scratchdimen=\dimen105
\scratchbox=\box30
\nofMPsegments=\count95
\nofMParguments=\count96
\everyMPshowfont=\toks21
\MPscratchCnt=\count97
\MPscratchDim=\dimen106
\MPnumerator=\count98
\makeMPintoPDFobject=\count99
\everyMPtoPDFconversion=\toks22
) (/usr/share/texmf-dist/tex/latex/oberdiek/epstopdf-base.sty
Package: epstopdf-base 2016/05/15 v2.6 Base part for package epstopdf

(/usr/share/texmf-dist/tex/generic/oberdiek/infwarerr.sty
Package: infwarerr 2016/05/16 v1.4 Providing info/warning/error messages (HO)
)
(/usr/share/texmf-dist/tex/latex/oberdiek/grfext.sty
Package: grfext 2016/05/16 v1.2 Manage graphics extensions (HO)

(/usr/share/texmf-dist/tex/generic/oberdiek/kvdefinekeys.sty
Package: kvdefinekeys 2016/05/16 v1.4 Define keys (HO)

(/usr/share/texmf-dist/tex/generic/oberdiek/ltxcmds.sty
Package: ltxcmds 2016/05/16 v1.23 LaTeX kernel commands for general use (HO)
)))
(/usr/share/texmf-dist/tex/latex/oberdiek/kvoptions.sty
Package: kvoptions 2016/05/16 v3.12 Key value format for package options (HO)

(/usr/share/texmf-dist/tex/generic/oberdiek/kvsetkeys.sty
Package: kvsetkeys 2016/05/16 v1.17 Key value parser (HO)

(/usr/share/texmf-dist/tex/generic/oberdiek/etexcmds.sty
Package: etexcmds 2016/05/16 v1.6 Avoid name clashes with e-TeX commands (HO)

(/usr/share/texmf-dist/tex/generic/oberdiek/ifluatex.sty
Package: ifluatex 2016/05/16 v1.4 Provides the ifluatex switch (HO)
Package ifluatex Info: LuaTeX not detected.
))))
(/usr/share/texmf-dist/tex/generic/oberdiek/pdftexcmds.sty
Package: pdftexcmds 2018/09/10 v0.29 Utility functions of pdfTeX for LuaTeX (HO
)

(/usr/share/texmf-dist/tex/generic/oberdiek/ifpdf.sty
Package: ifpdf 2018/09/07 v3.3 Provides the ifpdf switch
)
Package pdftexcmds Info: LuaTeX not detected.
Package pdftexcmds Info: \pdf@primitive is available.
Package pdftexcmds Info: \pdf@ifprimitive is available.
Package pdftexcmds Info: \pdfdraftmode found.
)
Package epstopdf-base Info: Redefining graphics rule for `.eps' on input line 4
38.
Package grfext Info: Graphics extension search list:
(grfext)             [.pdf,.png,.jpg,.mps,.jpeg,.jbig2,.jb2,.PDF,.PNG,.JPG,.JPE
G,.JBIG2,.JB2,.eps]
(grfext)             \AppendGraphicsExtensions on input line 456.

(/usr/share/texmf-dist/tex/latex/latexconfig/epstopdf-sys.cfg
File: epstopdf-sys.cfg 2010/07/13 v1.3 Configuration of (r)epstopdf for TeX Liv
e
))
LaTeX Font Info:    External font `cmex10' loaded for size
(Font)              <12> on input line 10.
LaTeX Font Info:    External font `cmex10' loaded for size
(Font)              <8> on input line 10.
LaTeX Font Info:    External font `cmex10' loaded for size
(Font)              <6> on input line 10.
LaTeX Font Info:    Try loading font information for OMS+cmr on input line 14.

(/usr/share/texmf-dist/tex/latex/base/omscmr.fd
File: omscmr.fd 2014/09/29 v2.5h Standard LaTeX font definitions
)
LaTeX Font Info:    Font shape `OMS/cmr/m/n' in size <10> not available
(Font)              Font shape `OMS/cmsy/m/n' tried instead on input line 14.
 [1

{/var/lib/texmf/fonts/map/pdftex/updmap/pdftex.map}]
LaTeX Font Info:    External font `cmex10' loaded for size
(Font)              <7> on input line 27.
LaTeX Font Info:    External font `cmex10' loaded for size
(Font)              <5> on input line 27.
</home/akara/workspace/R/CHAAHK/9-25-2019/figures/5-1.png, id=11, 758.835pt x 3
97.485pt>
File: /home/akara/workspace/R/CHAAHK/9-25-2019/figures/5-1.png Graphic file (ty
pe png)
<use /home/akara/workspace/R/CHAAHK/9-25-2019/figures/5-1.png>
Package pdftex.def Info: /home/akara/workspace/R/CHAAHK/9-25-2019/figures/5-1.p
ng  used on input line 36.
(pdftex.def)             Requested size: 361.34999pt x 189.28041pt.

Overfull \hbox (16.34999pt too wide) in paragraph at lines 36--37
[][] 
 []

[2]
</home/akara/workspace/R/CHAAHK/9-25-2019/figures/5-2.png, id=17, 758.835pt x 3
97.485pt>
File: /home/akara/workspace/R/CHAAHK/9-25-2019/figures/5-2.png Graphic file (ty
pe png)
<use /home/akara/workspace/R/CHAAHK/9-25-2019/figures/5-2.png>
Package pdftex.def Info: /home/akara/workspace/R/CHAAHK/9-25-2019/figures/5-2.p
ng  used on input line 43.
(pdftex.def)             Requested size: 361.34999pt x 189.28041pt.

Overfull \hbox (16.34999pt too wide) in paragraph at lines 43--46
[][]
 []

</home/akara/workspace/R/CHAAHK/9-25-2019/figures/5-3.png, id=18, 758.835pt x 3
97.485pt>
File: /home/akara/workspace/R/CHAAHK/9-25-2019/figures/5-3.png Graphic file (ty
pe png)
<use /home/akara/workspace/R/CHAAHK/9-25-2019/figures/5-3.png>
Package pdftex.def Info: /home/akara/workspace/R/CHAAHK/9-25-2019/figures/5-3.p
ng  used on input line 49.
(pdftex.def)             Requested size: 361.34999pt x 189.28041pt.

Overfull \hbox (16.34999pt too wide) in paragraph at lines 49--52
[][]
 []

</home/akara/workspace/R/CHAAHK/9-25-2019/figures/5-4.png, id=19, 758.835pt x 3
97.485pt>
File: /home/akara/workspace/R/CHAAHK/9-25-2019/figures/5-4.png Graphic file (ty
pe png)
<use /home/akara/workspace/R/CHAAHK/9-25-2019/figures/5-4.png>
Package pdftex.def Info: /home/akara/workspace/R/CHAAHK/9-25-2019/figures/5-4.p
ng  used on input line 54.
(pdftex.def)             Requested size: 361.34999pt x 189.28041pt.

Overfull \hbox (16.34999pt too wide) in paragraph at lines 54--57
[][]
 []

[3 </home/akara/workspace/R/CHAAHK/9-25-2019/figures/5-1.png (PNG copy)> </home
/akara/workspace/R/CHAAHK/9-25-2019/figures/5-2.png (PNG copy)>]
</home/akara/workspace/R/CHAAHK/9-25-2019/figures/5-5.png, id=23, 758.835pt x 3
97.485pt>
File: /home/akara/workspace/R/CHAAHK/9-25-2019/figures/5-5.png Graphic file (ty
pe png)
<use /home/akara/workspace/R/CHAAHK/9-25-2019/figures/5-5.png>
Package pdftex.def Info: /home/akara/workspace/R/CHAAHK/9-25-2019/figures/5-5.p
ng  used on input line 59.
(pdftex.def)             Requested size: 361.34999pt x 189.28041pt.

Overfull \hbox (16.34999pt too wide) in paragraph at lines 59--62
[][]
 []

</home/akara/workspace/R/CHAAHK/9-25-2019/figures/5-6.png, id=24, 758.835pt x 3
97.485pt>
File: /home/akara/workspace/R/CHAAHK/9-25-2019/figures/5-6.png Graphic file (ty
pe png)
<use /home/akara/workspace/R/CHAAHK/9-25-2019/figures/5-6.png>
Package pdftex.def Info: /home/akara/workspace/R/CHAAHK/9-25-2019/figures/5-6.p
ng  used on input line 64.
(pdftex.def)             Requested size: 361.34999pt x 189.28041pt.

Overfull \hbox (16.34999pt too wide) in paragraph at lines 64--67
[][]
 []

[4 </home/akara/workspace/R/CHAAHK/9-25-2019/figures/5-3.png (PNG copy)> </home
/akara/workspace/R/CHAAHK/9-25-2019/figures/5-4.png (PNG copy)>]
</home/akara/workspace/R/CHAAHK/9-25-2019/figures/5-7.png, id=28, 758.835pt x 3
97.485pt>
File: /home/akara/workspace/R/CHAAHK/9-25-2019/figures/5-7.png Graphic file (ty
pe png)
<use /home/akara/workspace/R/CHAAHK/9-25-2019/figures/5-7.png>
Package pdftex.def Info: /home/akara/workspace/R/CHAAHK/9-25-2019/figures/5-7.p
ng  used on input line 69.
(pdftex.def)             Requested size: 361.34999pt x 189.28041pt.

Overfull \hbox (16.34999pt too wide) in paragraph at lines 69--72
[][]
 []

</home/akara/workspace/R/CHAAHK/9-25-2019/figures/5-8.png, id=29, 758.835pt x 3
97.485pt>
File: /home/akara/workspace/R/CHAAHK/9-25-2019/figures/5-8.png Graphic file (ty
pe png)
<use /home/akara/workspace/R/CHAAHK/9-25-2019/figures/5-8.png>
Package pdftex.def Info: /home/akara/workspace/R/CHAAHK/9-25-2019/figures/5-8.p
ng  used on input line 74.
(pdftex.def)             Requested size: 361.34999pt x 189.28041pt.

Overfull \hbox (16.34999pt too wide) in paragraph at lines 74--77
[][]
 []

[5 </home/akara/workspace/R/CHAAHK/9-25-2019/figures/5-5.png (PNG copy)> </home
/akara/workspace/R/CHAAHK/9-25-2019/figures/5-6.png (PNG copy)>]
</home/akara/workspace/R/CHAAHK/9-25-2019/figures/5-9.png, id=33, 758.835pt x 3
97.485pt>
File: /home/akara/workspace/R/CHAAHK/9-25-2019/figures/5-9.png Graphic file (ty
pe png)
<use /home/akara/workspace/R/CHAAHK/9-25-2019/figures/5-9.png>
Package pdftex.def Info: /home/akara/workspace/R/CHAAHK/9-25-2019/figures/5-9.p
ng  used on input line 79.
(pdftex.def)             Requested size: 361.34999pt x 189.28041pt.

Overfull \hbox (16.34999pt too wide) in paragraph at lines 79--82
[][]
 []

</home/akara/workspace/R/CHAAHK/9-25-2019/figures/5-10.png, id=34, 758.835pt x 
397.485pt>
File: /home/akara/workspace/R/CHAAHK/9-25-2019/figures/5-10.png Graphic file (t
ype png)
<use /home/akara/workspace/R/CHAAHK/9-25-2019/figures/5-10.png>
Package pdftex.def Info: /home/akara/workspace/R/CHAAHK/9-25-2019/figures/5-10.
png  used on input line 84.
(pdftex.def)             Requested size: 361.34999pt x 189.28041pt.

Overfull \hbox (16.34999pt too wide) in paragraph at lines 84--87
[][]
 []

[6 </home/akara/workspace/R/CHAAHK/9-25-2019/figures/5-7.png (PNG copy)> </home
/akara/workspace/R/CHAAHK/9-25-2019/figures/5-8.png (PNG copy)>]
</home/akara/workspace/R/CHAAHK/9-25-2019/figures/5-11.png, id=38, 650.43pt x 3
97.485pt>
File: /home/akara/workspace/R/CHAAHK/9-25-2019/figures/5-11.png Graphic file (t
ype png)
<use /home/akara/workspace/R/CHAAHK/9-25-2019/figures/5-11.png>
Package pdftex.def Info: /home/akara/workspace/R/CHAAHK/9-25-2019/figures/5-11.
png  used on input line 89.
(pdftex.def)             Requested size: 361.34999pt x 220.83119pt.

Overfull \hbox (16.34999pt too wide) in paragraph at lines 89--92
[][]
 []

</home/akara/workspace/R/CHAAHK/9-25-2019/figures/5-12.png, id=39, 650.43pt x 3
97.485pt>
File: /home/akara/workspace/R/CHAAHK/9-25-2019/figures/5-12.png Graphic file (t
ype png)
<use /home/akara/workspace/R/CHAAHK/9-25-2019/figures/5-12.png>
Package pdftex.def Info: /home/akara/workspace/R/CHAAHK/9-25-2019/figures/5-12.
png  used on input line 94.
(pdftex.def)             Requested size: 361.34999pt x 220.83119pt.

Overfull \hbox (16.34999pt too wide) in paragraph at lines 94--97
[][]
 []

[7 </home/akara/workspace/R/CHAAHK/9-25-2019/figures/5-9.png (PNG copy)> </home
/akara/workspace/R/CHAAHK/9-25-2019/figures/5-10.png (PNG copy)>]
Overfull \hbox (47.25082pt too wide) in paragraph at lines 100--101
[][] 
 []

[8 </home/akara/workspace/R/CHAAHK/9-25-2019/figures/5-11.png> </home/akara/wor
kspace/R/CHAAHK/9-25-2019/figures/5-12.png (PNG copy)>]
Overfull \hbox (94.75096pt too wide) in paragraph at lines 105--106
[][] 
 []


Overfull \hbox (57.25085pt too wide) in paragraph at lines 110--111
[][] 
 []

[9]
Overfull \hbox (52.25084pt too wide) in paragraph at lines 120--121
[][] 
 []


Underfull \hbox (badness 10000) in paragraph at lines 117--121

 []

</home/akara/workspace/R/CHAAHK/9-25-2019/figures/5-13-14-15-16.png, id=51, 722
.7pt x 578.16pt>
File: /home/akara/workspace/R/CHAAHK/9-25-2019/figures/5-13-14-15-16.png Graphi
c file (type png)
<use /home/akara/workspace/R/CHAAHK/9-25-2019/figures/5-13-14-15-16.png>
Package pdftex.def Info: /home/akara/workspace/R/CHAAHK/9-25-2019/figures/5-13-
14-15-16.png  used on input line 124.
(pdftex.def)             Requested size: 578.15999pt x 462.52863pt.

Overfull \hbox (28.15999pt too wide) in paragraph at lines 124--125
[][] 
 []

</home/akara/workspace/R/CHAAHK/9-25-2019/figures/5-18.png, id=52, 650.43pt x 3
97.485pt>
File: /home/akara/workspace/R/CHAAHK/9-25-2019/figures/5-18.png Graphic file (t
ype png)
<use /home/akara/workspace/R/CHAAHK/9-25-2019/figures/5-18.png>
Package pdftex.def Info: /home/akara/workspace/R/CHAAHK/9-25-2019/figures/5-18.
png  used on input line 129.
(pdftex.def)             Requested size: 361.34999pt x 220.83119pt.

Overfull \hbox (16.34999pt too wide) in paragraph at lines 129--132
[][]
 []

</home/akara/workspace/R/CHAAHK/9-25-2019/figures/5-19.png, id=53, 650.43pt x 3
97.485pt>
File: /home/akara/workspace/R/CHAAHK/9-25-2019/figures/5-19.png Graphic file (t
ype png)
<use /home/akara/workspace/R/CHAAHK/9-25-2019/figures/5-19.png>
Package pdftex.def Info: /home/akara/workspace/R/CHAAHK/9-25-2019/figures/5-19.
png  used on input line 134.
(pdftex.def)             Requested size: 361.34999pt x 220.83119pt.

Overfull \hbox (16.34999pt too wide) in paragraph at lines 134--137
[][]
 []

</home/akara/workspace/R/CHAAHK/9-25-2019/figures/5-20.png, id=54, 650.43pt x 3
97.485pt>
File: /home/akara/workspace/R/CHAAHK/9-25-2019/figures/5-20.png Graphic file (t
ype png)
<use /home/akara/workspace/R/CHAAHK/9-25-2019/figures/5-20.png>
Package pdftex.def Info: /home/akara/workspace/R/CHAAHK/9-25-2019/figures/5-20.
png  used on input line 139.
(pdftex.def)             Requested size: 361.34999pt x 220.83119pt.

Overfull \hbox (16.34999pt too wide) in paragraph at lines 139--142
[][]
 []

[10 </home/akara/workspace/R/CHAAHK/9-25-2019/figures/5-18.png (PNG copy)>]
[11 </home/akara/workspace/R/CHAAHK/9-25-2019/figures/5-13-14-15-16.png (PNG co
py)>]
</home/akara/workspace/R/CHAAHK/9-25-2019/figures/5-21.png, id=62, 650.43pt x 3
97.485pt>
File: /home/akara/workspace/R/CHAAHK/9-25-2019/figures/5-21.png Graphic file (t
ype png)
<use /home/akara/workspace/R/CHAAHK/9-25-2019/figures/5-21.png>
Package pdftex.def Info: /home/akara/workspace/R/CHAAHK/9-25-2019/figures/5-21.
png  used on input line 144.
(pdftex.def)             Requested size: 361.34999pt x 220.83119pt.

Overfull \hbox (16.34999pt too wide) in paragraph at lines 144--147
[][]
 []

</home/akara/workspace/R/CHAAHK/9-25-2019/figures/5-22.png, id=63, 650.43pt x 3
97.485pt>
File: /home/akara/workspace/R/CHAAHK/9-25-2019/figures/5-22.png Graphic file (t
ype png)
<use /home/akara/workspace/R/CHAAHK/9-25-2019/figures/5-22.png>
Package pdftex.def Info: /home/akara/workspace/R/CHAAHK/9-25-2019/figures/5-22.
png  used on input line 149.
(pdftex.def)             Requested size: 361.34999pt x 220.83119pt.

Overfull \hbox (16.34999pt too wide) in paragraph at lines 149--152
[][]
 []

[12 </home/akara/workspace/R/CHAAHK/9-25-2019/figures/5-19.png (PNG copy)> </ho
me/akara/workspace/R/CHAAHK/9-25-2019/figures/5-20.png (PNG copy)>]
</home/akara/workspace/R/CHAAHK/9-25-2019/figures/5-23.png, id=67, 650.43pt x 3
97.485pt>
File: /home/akara/workspace/R/CHAAHK/9-25-2019/figures/5-23.png Graphic file (t
ype png)
<use /home/akara/workspace/R/CHAAHK/9-25-2019/figures/5-23.png>
Package pdftex.def Info: /home/akara/workspace/R/CHAAHK/9-25-2019/figures/5-23.
png  used on input line 154.
(pdftex.def)             Requested size: 361.34999pt x 220.83119pt.

Overfull \hbox (16.34999pt too wide) in paragraph at lines 154--157
[][]
 []

</home/akara/workspace/R/CHAAHK/9-25-2019/figures/5-24.png, id=68, 650.43pt x 3
97.485pt>
File: /home/akara/workspace/R/CHAAHK/9-25-2019/figures/5-24.png Graphic file (t
ype png)
<use /home/akara/workspace/R/CHAAHK/9-25-2019/figures/5-24.png>
Package pdftex.def Info: /home/akara/workspace/R/CHAAHK/9-25-2019/figures/5-24.
png  used on input line 159.
(pdftex.def)             Requested size: 361.34999pt x 220.83119pt.

Overfull \hbox (16.34999pt too wide) in paragraph at lines 159--162
[][]
 []

[13 </home/akara/workspace/R/CHAAHK/9-25-2019/figures/5-21.png (PNG copy)> </ho
me/akara/workspace/R/CHAAHK/9-25-2019/figures/5-22.png (PNG copy)>]
</home/akara/workspace/R/CHAAHK/9-25-2019/figures/5-25.png, id=73, 650.43pt x 3
97.485pt>
File: /home/akara/workspace/R/CHAAHK/9-25-2019/figures/5-25.png Graphic file (t
ype png)
<use /home/akara/workspace/R/CHAAHK/9-25-2019/figures/5-25.png>
Package pdftex.def Info: /home/akara/workspace/R/CHAAHK/9-25-2019/figures/5-25.
png  used on input line 164.
(pdftex.def)             Requested size: 361.34999pt x 220.83119pt.

Overfull \hbox (16.34999pt too wide) in paragraph at lines 164--167
[][]
 []

</home/akara/workspace/R/CHAAHK/9-25-2019/figures/5-26.png, id=74, 650.43pt x 3
97.485pt>
File: /home/akara/workspace/R/CHAAHK/9-25-2019/figures/5-26.png Graphic file (t
ype png)
<use /home/akara/workspace/R/CHAAHK/9-25-2019/figures/5-26.png>
Package pdftex.def Info: /home/akara/workspace/R/CHAAHK/9-25-2019/figures/5-26.
png  used on input line 169.
(pdftex.def)             Requested size: 361.34999pt x 220.83119pt.

Overfull \hbox (16.34999pt too wide) in paragraph at lines 169--172
[][]
 []

[14 </home/akara/workspace/R/CHAAHK/9-25-2019/figures/5-23.png (PNG copy)> </ho
me/akara/workspace/R/CHAAHK/9-25-2019/figures/5-24.png (PNG copy)>]
</home/akara/workspace/R/CHAAHK/9-25-2019/figures/5-27.png, id=78, 650.43pt x 3
97.485pt>
File: /home/akara/workspace/R/CHAAHK/9-25-2019/figures/5-27.png Graphic file (t
ype png)
<use /home/akara/workspace/R/CHAAHK/9-25-2019/figures/5-27.png>
Package pdftex.def Info: /home/akara/workspace/R/CHAAHK/9-25-2019/figures/5-27.
png  used on input line 174.
(pdftex.def)             Requested size: 361.34999pt x 220.83119pt.

Overfull \hbox (16.34999pt too wide) in paragraph at lines 174--177
[][]
 []

</home/akara/workspace/R/CHAAHK/9-25-2019/figures/5-28.png, id=79, 650.43pt x 3
97.485pt>
File: /home/akara/workspace/R/CHAAHK/9-25-2019/figures/5-28.png Graphic file (t
ype png)
<use /home/akara/workspace/R/CHAAHK/9-25-2019/figures/5-28.png>
Package pdftex.def Info: /home/akara/workspace/R/CHAAHK/9-25-2019/figures/5-28.
png  used on input line 179.
(pdftex.def)             Requested size: 361.34999pt x 220.83119pt.

Overfull \hbox (16.34999pt too wide) in paragraph at lines 179--182
[][]
 []

[15 </home/akara/workspace/R/CHAAHK/9-25-2019/figures/5-25.png (PNG copy)> </ho
me/akara/workspace/R/CHAAHK/9-25-2019/figures/5-26.png (PNG copy)>]
</home/akara/workspace/R/CHAAHK/9-25-2019/figures/5-29.png, id=83, 650.43pt x 3
97.485pt>
File: /home/akara/workspace/R/CHAAHK/9-25-2019/figures/5-29.png Graphic file (t
ype png)
<use /home/akara/workspace/R/CHAAHK/9-25-2019/figures/5-29.png>
Package pdftex.def Info: /home/akara/workspace/R/CHAAHK/9-25-2019/figures/5-29.
png  used on input line 184.
(pdftex.def)             Requested size: 361.34999pt x 220.83119pt.

Overfull \hbox (16.34999pt too wide) in paragraph at lines 184--187
[][]
 []

</home/akara/workspace/R/CHAAHK/9-25-2019/figures/5-30.png, id=84, 650.43pt x 3
97.485pt>
File: /home/akara/workspace/R/CHAAHK/9-25-2019/figures/5-30.png Graphic file (t
ype png)
<use /home/akara/workspace/R/CHAAHK/9-25-2019/figures/5-30.png>
Package pdftex.def Info: /home/akara/workspace/R/CHAAHK/9-25-2019/figures/5-30.
png  used on input line 189.
(pdftex.def)             Requested size: 361.34999pt x 220.83119pt.

Overfull \hbox (16.34999pt too wide) in paragraph at lines 189--192
[][]
 []

[16 </home/akara/workspace/R/CHAAHK/9-25-2019/figures/5-27.png (PNG copy)> </ho
me/akara/workspace/R/CHAAHK/9-25-2019/figures/5-28.png (PNG copy)>]
Underfull \hbox (badness 4217) in paragraph at lines 195--196
[]\OT1/cmr/m/n/10 Kara, Alex. ``CHAAHK: a Spa-tial Sim-u-la-tion of the Maya El
-e-
 []

[17 </home/akara/workspace/R/CHAAHK/9-25-2019/figures/5-29.png (PNG copy)> </ho
me/akara/workspace/R/CHAAHK/9-25-2019/figures/5-30.png (PNG copy)>] [18]
(./9-25-2019.aux) ) 
Here is how much of TeX's memory you used:
 3017 strings out of 492623
 57809 string characters out of 6135669
 129786 words of memory out of 5000000
 6870 multiletter control sequences out of 15000+600000
 7280 words of font info for 26 fonts, out of 8000000 for 9000
 1141 hyphenation exceptions out of 8191
 41i,11n,46p,1001b,295s stack positions out of 5000i,500n,10000p,200000b,80000s
</usr/share/texmf-dist/fonts/type1/public/amsfonts/cm/cmbx12
.pfb></usr/share/texmf-dist/fonts/type1/public/amsfonts/cm/cmmi10.pfb></usr/sha
re/texmf-dist/fonts/type1/public/amsfonts/cm/cmmi7.pfb></usr/share/texmf-dist/f
onts/type1/public/amsfonts/cm/cmr10.pfb></usr/share/texmf-dist/fonts/type1/publ
ic/amsfonts/cm/cmr12.pfb></usr/share/texmf-dist/fonts/type1/public/amsfonts/cm/
cmr17.pfb></usr/share/texmf-dist/fonts/type1/public/amsfonts/cm/cmr7.pfb></usr/
share/texmf-dist/fonts/type1/public/amsfonts/cm/cmsy10.pfb>
Output written on 9-25-2019.pdf (18 pages, 8673286 bytes).
PDF statistics:
 121 PDF objects out of 1000 (max. 8388607)
 65 compressed objects within 1 object stream
 0 named destinations out of 1000 (max. 500000)
 131 words of extra memory for PDF output out of 10000 (max. 10000000)

